<?xml version="1.0" encoding="UTF-8"?>
<!-- Generated by org.testng.reporters.JUnitXMLReporter -->
<testsuite hostname="DESKTOP-NETU9LA" name="Test" tests="7" failures="1" timestamp="13 Mar 2024 15:10:23 GMT" time="21.72" errors="0">
  <testcase name="test_aboutus04" time="0.16" classname="com.tests.HomeTest"/>
  <testcase name="test_ourSolution_02" time="5.248" classname="com.tests.HomeTest"/>
  <testcase name="test_ourstory_01" time="2.962" classname="com.tests.HomeTest"/>
  <testcase name="test_requestDemo_05" time="0.063" classname="com.tests.HomeTest"/>
  <testcase name="test_whytendeble_03" time="1.646" classname="com.tests.HomeTest"/>
  <testcase name="test_contact_marketing_form" time="11.558" classname="com.tests.ContactTest"/>
  <testcase name="test_error_01" time="0.047" classname="com.tests.ErrorTest">
    <failure type="java.lang.AssertionError" message="expected [Sorry, there was an error submitting the form. Please try again.] but found [Sorry! We didn&amp;apos;t find any matching results for &amp;apos;&amp;apos;]">
      <![CDATA[java.lang.AssertionError: expected [Sorry, there was an error submitting the form. Please try again.] but found [Sorry! We didn't find any matching results for '']
	at com.tendable.pages.ErrorMsgPage.check_error(ErrorMsgPage.java:22)
	at com.tests.ErrorTest.test_error_01(ErrorTest.java:18)
... Removed 30 stack frames]]>
    </failure>
  </testcase> <!-- test_error_01 -->
</testsuite> <!-- Test -->
