<?xml version="1.0" encoding="UTF-8"?>
<testng-results skipped="0" failed="1" total="7" passed="6">
  <reporter-output>
  </reporter-output>
  <suite name="Suite" duration-ms="21720" started-at="2024-03-13T15:10:01Z" finished-at="2024-03-13T15:10:23Z">
    <groups>
    </groups>
    <test name="Test" duration-ms="21720" started-at="2024-03-13T15:10:01Z" finished-at="2024-03-13T15:10:23Z">
      <class name="com.tests.ContactTest">
        <test-method status="PASS" signature="test_contact_marketing_form()[pri:0, instance:com.tests.ContactTest@589838eb]" name="test_contact_marketing_form" duration-ms="11558" started-at="2024-03-13T20:40:11Z" finished-at="2024-03-13T20:40:22Z">
          <reporter-output>
          </reporter-output>
        </test-method> <!-- test_contact_marketing_form -->
      </class> <!-- com.tests.ContactTest -->
      <class name="com.tests.HomeTest">
        <test-method status="PASS" signature="open_browser()[pri:0, instance:com.tests.HomeTest@271053e1]" name="open_browser" is-config="true" duration-ms="8726" started-at="2024-03-13T20:39:52Z" finished-at="2024-03-13T20:40:01Z">
          <reporter-output>
          </reporter-output>
        </test-method> <!-- open_browser -->
        <test-method status="PASS" signature="test_aboutus04()[pri:0, instance:com.tests.HomeTest@271053e1]" name="test_aboutus04" duration-ms="160" started-at="2024-03-13T20:40:01Z" finished-at="2024-03-13T20:40:01Z">
          <reporter-output>
          </reporter-output>
        </test-method> <!-- test_aboutus04 -->
        <test-method status="PASS" signature="test_ourSolution_02()[pri:0, instance:com.tests.HomeTest@271053e1]" name="test_ourSolution_02" duration-ms="5248" started-at="2024-03-13T20:40:01Z" finished-at="2024-03-13T20:40:06Z">
          <reporter-output>
          </reporter-output>
        </test-method> <!-- test_ourSolution_02 -->
        <test-method status="PASS" signature="test_ourstory_01()[pri:0, instance:com.tests.HomeTest@271053e1]" name="test_ourstory_01" duration-ms="2962" started-at="2024-03-13T20:40:06Z" finished-at="2024-03-13T20:40:09Z">
          <reporter-output>
          </reporter-output>
        </test-method> <!-- test_ourstory_01 -->
        <test-method status="PASS" signature="test_requestDemo_05()[pri:0, instance:com.tests.HomeTest@271053e1]" name="test_requestDemo_05" duration-ms="63" started-at="2024-03-13T20:40:09Z" finished-at="2024-03-13T20:40:09Z">
          <reporter-output>
          </reporter-output>
        </test-method> <!-- test_requestDemo_05 -->
        <test-method status="PASS" signature="test_whytendeble_03()[pri:0, instance:com.tests.HomeTest@271053e1]" name="test_whytendeble_03" duration-ms="1646" started-at="2024-03-13T20:40:09Z" finished-at="2024-03-13T20:40:11Z">
          <reporter-output>
          </reporter-output>
        </test-method> <!-- test_whytendeble_03 -->
        <test-method status="PASS" signature="close_browsre()[pri:0, instance:com.tests.HomeTest@271053e1]" name="close_browsre" is-config="true" duration-ms="123" started-at="2024-03-13T20:40:23Z" finished-at="2024-03-13T20:40:23Z">
          <reporter-output>
          </reporter-output>
        </test-method> <!-- close_browsre -->
      </class> <!-- com.tests.HomeTest -->
      <class name="com.tests.ErrorTest">
        <test-method status="FAIL" signature="test_error_01()[pri:0, instance:com.tests.ErrorTest@42dafa95]" name="test_error_01" duration-ms="47" started-at="2024-03-13T20:40:22Z" finished-at="2024-03-13T20:40:23Z">
          <exception class="java.lang.AssertionError">
            <message>
              <![CDATA[expected [Sorry, there was an error submitting the form. Please try again.] but found [Sorry! We didn't find any matching results for '']]]>
            </message>
            <full-stacktrace>
              <![CDATA[java.lang.AssertionError: expected [Sorry, there was an error submitting the form. Please try again.] but found [Sorry! We didn't find any matching results for '']
	at org.testng.Assert.fail(Assert.java:94)
	at org.testng.Assert.failNotEquals(Assert.java:513)
	at org.testng.Assert.assertEqualsImpl(Assert.java:135)
	at org.testng.Assert.assertEquals(Assert.java:116)
	at org.testng.Assert.assertEquals(Assert.java:190)
	at org.testng.Assert.assertEquals(Assert.java:200)
	at com.tendable.pages.ErrorMsgPage.check_error(ErrorMsgPage.java:22)
	at com.tests.ErrorTest.test_error_01(ErrorTest.java:18)
	at sun.reflect.NativeMethodAccessorImpl.invoke0(Native Method)
	at sun.reflect.NativeMethodAccessorImpl.invoke(NativeMethodAccessorImpl.java:62)
	at sun.reflect.DelegatingMethodAccessorImpl.invoke(DelegatingMethodAccessorImpl.java:43)
	at java.lang.reflect.Method.invoke(Method.java:498)
	at org.testng.internal.MethodInvocationHelper.invokeMethod(MethodInvocationHelper.java:86)
	at org.testng.internal.Invoker.invokeMethod(Invoker.java:643)
	at org.testng.internal.Invoker.invokeTestMethod(Invoker.java:820)
	at org.testng.internal.Invoker.invokeTestMethods(Invoker.java:1128)
	at org.testng.internal.TestMethodWorker.invokeTestMethods(TestMethodWorker.java:129)
	at org.testng.internal.TestMethodWorker.run(TestMethodWorker.java:112)
	at org.testng.TestRunner.privateRun(TestRunner.java:782)
	at org.testng.TestRunner.run(TestRunner.java:632)
	at org.testng.SuiteRunner.runTest(SuiteRunner.java:366)
	at org.testng.SuiteRunner.runSequentially(SuiteRunner.java:361)
	at org.testng.SuiteRunner.privateRun(SuiteRunner.java:319)
	at org.testng.SuiteRunner.run(SuiteRunner.java:268)
	at org.testng.SuiteRunnerWorker.runSuite(SuiteRunnerWorker.java:52)
	at org.testng.SuiteRunnerWorker.run(SuiteRunnerWorker.java:86)
	at org.testng.TestNG.runSuitesSequentially(TestNG.java:1244)
	at org.testng.TestNG.runSuitesLocally(TestNG.java:1169)
	at org.testng.TestNG.run(TestNG.java:1064)
	at org.testng.remote.AbstractRemoteTestNG.run(AbstractRemoteTestNG.java:132)
	at org.testng.remote.RemoteTestNG.initAndRun(RemoteTestNG.java:236)
	at org.testng.remote.RemoteTestNG.main(RemoteTestNG.java:81)
]]>
            </full-stacktrace>
          </exception> <!-- java.lang.AssertionError -->
          <reporter-output>
          </reporter-output>
        </test-method> <!-- test_error_01 -->
      </class> <!-- com.tests.ErrorTest -->
    </test> <!-- Test -->
  </suite> <!-- Suite -->
</testng-results>
